\BOOKMARK [1][-]{section*.1}{\376\377\000L\000o\000m\000b\000o\000k}{}% 1
\BOOKMARK [1][-]{section*.2}{\376\377\000S\000p\000r\000i\000n\000g\000\040\000R\000e\000p\000o\000s\000i\000t\000o\000r\000y}{}% 2
\BOOKMARK [2][-]{section*.3}{\376\377\000E\000x\000a\000m\000p\000l\000e\000\040\000U\000s\000a\000g\000e}{section*.2}% 3
\BOOKMARK [1][-]{section*.4}{\376\377\000D\000a\000t\000a\000b\000a\000s\000e\000\040\000l\000a\000y\000e\000r\000s}{}% 4
\BOOKMARK [2][-]{section*.5}{\376\377\000D\000a\000t\000a\000b\000a\000s\000e\000\040\000d\000r\000i\000v\000e\000r\000s}{section*.4}% 5
\BOOKMARK [2][-]{section*.6}{\376\377\000J\000D\000B\000C\000:\000\040\000J\000a\000v\000a\000\040\000D\000a\000t\000a\000b\000a\000s\000e\000\040\000C\000o\000n\000n\000e\000c\000t\000i\000v\000i\000t\000y}{section*.4}% 6
\BOOKMARK [2][-]{section*.7}{\376\377\000S\000p\000r\000i\000n\000g\000\040\000J\000D\000B\000C}{section*.4}% 7
\BOOKMARK [2][-]{section*.8}{\376\377\000J\000P\000A\000:\000\040\000J\000a\000v\000a\000\040\000P\000e\000r\000s\000i\000s\000t\000e\000n\000c\000e\000\040\000A\000P\000I}{section*.4}% 8
\BOOKMARK [2][-]{section*.9}{\376\377\000S\000p\000r\000i\000n\000g\000\040\000D\000a\000t\000a\000\040\000J\000P\000A}{section*.4}% 9
\BOOKMARK [1][-]{section*.10}{\376\377\000C\000o\000n\000n\000e\000c\000t\000\040\000t\000o\000\040\000a\000\040\000H\0002\000\040\000D\000a\000t\000a\000b\000a\000s\000e}{}% 10
\BOOKMARK [1][-]{section*.11}{\376\377\000I\000n\000t\000r\000o\000d\000u\000c\000t\000i\000o\000n\000\040\000t\000o\000\040\000D\000A\000O\000:\000\040\000D\000a\000t\000a\000\040\000A\000c\000c\000e\000s\000s\000\040\000O\000b\000j\000e\000c\000t\000\040\000p\000a\000t\000t\000e\000r\000n}{}% 11
\BOOKMARK [2][-]{section*.12}{\376\377\000A\000u\000t\000h\000o\000r\000\040\000D\000o\000m\000a\000i\000n}{section*.11}% 12
\BOOKMARK [2][-]{section*.13}{\376\377\000B\000o\000o\000k\000\040\000D\000o\000m\000a\000i\000n}{section*.11}% 13
\BOOKMARK [2][-]{section*.14}{\376\377\000F\000i\000l\000e\000\040\000s\000t\000r\000u\000c\000t\000u\000r\000e}{section*.11}% 14
\BOOKMARK [2][-]{section*.15}{\376\377\000A\000u\000t\000h\000o\000r\000\040\000D\000A\000O}{section*.11}% 15
\BOOKMARK [2][-]{section*.16}{\376\377\000B\000o\000o\000k\000\040\000D\000A\000O}{section*.11}% 16
\BOOKMARK [1][-]{section*.17}{\376\377\000C\000r\000e\000a\000t\000e\000\040\000D\000A\000O}{}% 17
\BOOKMARK [1][-]{section*.18}{\376\377\000T\000e\000s\000t\000\040\000A\000u\000t\000h\000e\000r\000\040\000D\000A\000O}{}% 18
\BOOKMARK [1][-]{section*.19}{\376\377\0008\000.\0001\000\040\000S\000p\000r\000i\000n\000g\000\040\000D\000a\000t\000a\000\040\000J\000P\000A}{}% 19
\BOOKMARK [1][-]{section*.20}{\376\377\0008\000.\0002\000\040\000C\000r\000e\000a\000t\000e\000\040\000E\000n\000t\000i\000t\000i\000e\000s}{}% 20
\BOOKMARK [1][-]{section*.21}{\376\377\0001\0000\000.\0001\000\040\000R\000E\000S\000T\000\040\000A\000P\000I\000\040\000D\000e\000s\000i\000g\000n}{}% 21
\BOOKMARK [2][-]{section*.22}{\376\377\0001\0000\000.\0002\000\040\000A\000u\000t\000h\000o\000r\000\040\000C\000r\000e\000a\000t\000e\000\040\000E\000n\000d\000p\000o\000i\000n\000t}{section*.21}% 22
